<?xml version="1.0" encoding="UTF-8"?>
<testsuite xmlns:xsi="http://www.w3.org/2001/XMLSchema-instance" xsi:noNamespaceSchemaLocation="https://maven.apache.org/surefire/maven-surefire-plugin/xsd/surefire-test-report.xsd" name="com.jbk.api.SamsTrackApplicationTests" time="1.073" tests="1" errors="1" skipped="0" failures="0">
  <properties>
[...]
</properties>
  <testcase name="com.jbk.api.SamsTrackApplicationTests" classname="com.jbk.api.SamsTrackApplicationTests" time="1.072">
    <error message="Unable to find a @SpringBootConfiguration, you need to use @ContextConfiguration or @SpringBootTest(classes=...) with your test" type="java.lang.IllegalStateException">java.lang.IllegalStateException: Unable to find a @SpringBootConfiguration, you need to use @ContextConfiguration or @SpringBootTest(classes=...) with your test
</error>
    <system-out><![CDATA[19:47:03.802 [main] DEBUG org.springframework.test.context.BootstrapUtils - Instantiating CacheAwareContextLoaderDelegate from class [org.springframework.test.context.cache.DefaultCacheAwareContextLoaderDelegate]
19:47:03.886 [main] DEBUG org.springframework.test.context.BootstrapUtils - Instantiating BootstrapContext using constructor [public org.springframework.test.context.support.DefaultBootstrapContext(java.lang.Class,org.springframework.test.context.CacheAwareContextLoaderDelegate)]
19:47:04.076 [main] DEBUG org.springframework.test.context.BootstrapUtils - Instantiating TestContextBootstrapper for test class [com.jbk.api.SamsTrackApplicationTests] from class [org.springframework.boot.test.context.SpringBootTestContextBootstrapper]
19:47:04.133 [main] INFO org.springframework.boot.test.context.SpringBootTestContextBootstrapper - Neither @ContextConfiguration nor @ContextHierarchy found for test class [com.jbk.api.SamsTrackApplicationTests], using SpringBootContextLoader
19:47:04.154 [main] DEBUG org.springframework.test.context.support.AbstractContextLoader - Did not detect default resource location for test class [com.jbk.api.SamsTrackApplicationTests]: class path resource [com/jbk/api/SamsTrackApplicationTests-context.xml] does not exist
19:47:04.156 [main] DEBUG org.springframework.test.context.support.AbstractContextLoader - Did not detect default resource location for test class [com.jbk.api.SamsTrackApplicationTests]: class path resource [com/jbk/api/SamsTrackApplicationTestsContext.groovy] does not exist
19:47:04.157 [main] INFO org.springframework.test.context.support.AbstractContextLoader - Could not detect default resource locations for test class [com.jbk.api.SamsTrackApplicationTests]: no resource found for suffixes {-context.xml, Context.groovy}.
19:47:04.162 [main] INFO org.springframework.test.context.support.AnnotationConfigContextLoaderUtils - Could not detect default configuration classes for test class [com.jbk.api.SamsTrackApplicationTests]: SamsTrackApplicationTests does not declare any static, non-private, non-final, nested classes annotated with @Configuration.
19:47:04.295 [main] DEBUG org.springframework.test.context.support.ActiveProfilesUtils - Could not find an 'annotation declaring class' for annotation type [org.springframework.test.context.ActiveProfiles] and class [com.jbk.api.SamsTrackApplicationTests]
]]></system-out>
  </testcase>
</testsuite>